<?xml version="1.0" encoding="UTF-8"?>
<testsuite xmlns:xsi="http://www.w3.org/2001/XMLSchema-instance" xsi:noNamespaceSchemaLocation="https://maven.apache.org/surefire/maven-surefire-plugin/xsd/surefire-test-report.xsd" name="SimpleTest" time="30.759" tests="2" errors="0" skipped="0" failures="0">
  <properties>
[...]
</properties>
  <testcase name="testSixCheckLoginWithIncorrectCredentials" classname="SimpleTest" time="22.136"/>
  <testcase name="testSixCheckLoginWithCorrectCredentials" classname="SimpleTest" time="8.459"/>
</testsuite>